<?xml version="1.0" encoding="UTF-8"?>
<!-- Generated by org.testng.reporters.JUnitReportReporter -->
<testsuite hostname="iDeliver26" failures="0" tests="1" name="test.Google" time="18.857" errors="0" timestamp="2021-11-11T21:40:40 IST" skipped="0">
  <testcase classname="test.Google" name="test" time="18.857"/>
  <system-out/>
</testsuite> <!-- test.Google -->
