<?xml version="1.0" encoding="UTF-8"?>
<!-- Generated by org.testng.reporters.JUnitReportReporter -->
<testsuite hostname="iDeliver26" failures="0" tests="1" name="pagesstepdefinition.SampleTest" time="69.237" errors="0" timestamp="2021-09-13T18:58:23 IST" skipped="0">
  <testcase classname="pagesstepdefinition.SampleTest" name="mytest" time="69.237"/>
  <system-out/>
</testsuite> <!-- pagesstepdefinition.SampleTest -->
