<?xml version="1.0" encoding="UTF-8"?>
<!-- Generated by org.testng.reporters.JUnitReportReporter -->
<testsuite hostname="iDeliver26" failures="0" tests="1" name="test.Switchbetweentab" time="52.110" errors="0" timestamp="2021-10-14T22:34:01 IST" skipped="0">
  <testcase classname="test.Switchbetweentab" name="f" time="52.110"/>
  <system-out/>
</testsuite> <!-- test.Switchbetweentab -->
