<?xml version="1.0" encoding="UTF-8"?>
<!-- Generated by org.testng.reporters.JUnitReportReporter -->
<testsuite hostname="iDeliver26" failures="0" tests="1" name="test.SampleTest2" time="48.426" errors="0" timestamp="2021-10-14T20:17:01 IST" skipped="0">
  <testcase classname="test.SampleTest2" name="mytest" time="48.426"/>
  <system-out/>
</testsuite> <!-- test.SampleTest2 -->
