<?xml version="1.0" encoding="UTF-8"?>
<!-- Generated by org.testng.reporters.JUnitReportReporter -->
<testsuite hostname="iDeliver26" failures="0" tests="1" name="test.SampleTest" time="40.650" errors="0" timestamp="2021-11-11T22:10:55 IST" skipped="0">
  <testcase classname="test.SampleTest" name="mytest" time="40.650"/>
  <system-out/>
</testsuite> <!-- test.SampleTest -->
