<?xml version="1.0" encoding="UTF-8"?>
<!-- Generated by org.testng.reporters.JUnitReportReporter -->
<testsuite skipped="0" hostname="iDeliver26" name="test.SampleTest" tests="1" failures="0" timestamp="2021-11-11T22:09:39 IST" time="33.075" errors="0">
  <testcase name="mytest" time="33.075" classname="test.SampleTest"/>
  <system-out/>
</testsuite> <!-- test.SampleTest -->
