<?xml version="1.0" encoding="UTF-8"?>
<!-- Generated by org.testng.reporters.JUnitReportReporter -->
<testsuite skipped="0" hostname="iDeliver26" name="test.Google" tests="1" failures="0" timestamp="2021-11-11T18:03:32 IST" time="20.014" errors="0">
  <testcase name="test" time="20.014" classname="test.Google"/>
  <system-out/>
</testsuite> <!-- test.Google -->
